<?xml version="1.0" encoding="UTF-8"?>
<testng-results skipped="0" failed="0" ignored="0" total="1" passed="1">
  <reporter-output>
  </reporter-output>
  <suite name="Default suite" duration-ms="578" started-at="2021-02-16T14:14:06 IST" finished-at="2021-02-16T14:14:07 IST">
    <groups>
    </groups>
    <test name="Default test" duration-ms="578" started-at="2021-02-16T14:14:06 IST" finished-at="2021-02-16T14:14:07 IST">
      <class name="DatabaseTesting.DatabaseTesting.databasetesting">
        <test-method status="PASS" signature="test()[pri:0, instance:DatabaseTesting.DatabaseTesting.databasetesting@1c3a4799]" name="test" duration-ms="535" started-at="2021-02-16T14:14:06 IST" finished-at="2021-02-16T14:14:07 IST">
          <reporter-output>
          </reporter-output>
        </test-method> <!-- test -->
      </class> <!-- DatabaseTesting.DatabaseTesting.databasetesting -->
    </test> <!-- Default test -->
  </suite> <!-- Default suite -->
</testng-results>
