<?xml version="1.0" encoding="UTF-8"?>
<!-- Generated by org.testng.reporters.JUnitXMLReporter -->
<testsuite hostname="DESKTOP-6DR2GHM" ignored="0" name="Default test" tests="3" failures="0" timestamp="02 Apr 2021 09:37:23 GMT" time="19.922" errors="0">
  <testcase name="search" time="2.678" classname="ParallelTestSuit.ParallelTestSuit.MultipleValueswithDP"/>
  <testcase name="search" time="2.313" classname="ParallelTestSuit.ParallelTestSuit.MultipleValueswithDP"/>
  <testcase name="search" time="1.715" classname="ParallelTestSuit.ParallelTestSuit.MultipleValueswithDP"/>
</testsuite> <!-- Default test -->
