<?xml version="1.0" encoding="UTF-8"?><testrun name="testrunner" project="CucumberYouTubeSeries" tests="3" started="3" failures="0" errors="1" ignored="0">
  <testsuite name="MyTestrunner.testrunner" time="0.361">
    <testsuite name="login page feature" time="0.361">
      <testcase name="login page title" classname="login page feature" time="0.277"/>
      <testcase name="- Forgot pasword Link" classname="login page feature" time="0.023"/>
      <testcase name="login with correct credentials" classname="login page feature" time="0.061">
        <error>io.cucumber.junit.UndefinedStepException: The step "user gets the title of the  page" is undefined. You can implement it using the snippet(s) below:

@When("user gets the title of the  page")
public void user_gets_the_title_of_the_page() {
    // Write code here that turns the phrase above into concrete actions
    throw new io.cucumber.java.PendingException();
}


Some other steps were also undefined:

@When("the page titile should be {string}")
public void the_page_titile_should_be(String string) {
    // Write code here that turns the phrase above into concrete actions
    throw new io.cucumber.java.PendingException();
}
&#13;
&#13;
</error>
      </testcase>
    </testsuite>
  </testsuite>
</testrun>
