<?xml version="1.0" encoding="UTF-8"?>
<testng-results skipped="0" failed="0" ignored="3" total="4" passed="1">
  <reporter-output>
  </reporter-output>
  <suite name="Default suite" duration-ms="58" started-at="2020-11-12T12:41:02 IST" finished-at="2020-11-12T12:41:02 IST">
    <groups>
    </groups>
    <test name="Default test" duration-ms="58" started-at="2020-11-12T12:41:02 IST" finished-at="2020-11-12T12:41:02 IST">
      <class name="com.qa.test.DemoTest">
        <test-method status="PASS" signature="sum2()[pri:0, instance:com.qa.test.DemoTest@57855c9a]" name="sum2" duration-ms="12" started-at="2020-11-12T12:41:02 IST" finished-at="2020-11-12T12:41:02 IST">
          <reporter-output>
          </reporter-output>
        </test-method> <!-- sum2 -->
      </class> <!-- com.qa.test.DemoTest -->
    </test> <!-- Default test -->
  </suite> <!-- Default suite -->
</testng-results>
