<?xml version="1.0" encoding="UTF-8"?>
<testng-results skipped="0" failed="0" ignored="0" total="3" passed="3">
  <reporter-output>
    <line>
      <![CDATA[Keyword entered is : Selenium Delhi]]>
    </line>
    <line>
      <![CDATA[Search results are displayed.]]>
    </line>
    <line>
      <![CDATA[Keyword entered is : QTP Bangalore]]>
    </line>
    <line>
      <![CDATA[Search results are displayed.]]>
    </line>
    <line>
      <![CDATA[Keyword entered is : LoadRunner Chennai]]>
    </line>
    <line>
      <![CDATA[Search results are displayed.]]>
    </line>
  </reporter-output>
  <suite name="Default suite" duration-ms="19922" started-at="2021-04-02T09:37:03Z" finished-at="2021-04-02T09:37:23Z">
    <groups>
    </groups>
    <test name="Default test" duration-ms="19922" started-at="2021-04-02T09:37:03Z" finished-at="2021-04-02T09:37:23Z">
      <class name="ParallelTestSuit.ParallelTestSuit.MultipleValueswithDP">
        <test-method status="PASS" signature="setup()[pri:0, instance:ParallelTestSuit.ParallelTestSuit.MultipleValueswithDP@12c8a2c0]" name="setup" is-config="true" duration-ms="5402" started-at="2021-04-02T09:37:03Z" finished-at="2021-04-02T09:37:09Z">
          <reporter-output>
          </reporter-output>
        </test-method> <!-- setup -->
        <test-method status="PASS" signature="search(java.lang.String, java.lang.String)[pri:0, instance:ParallelTestSuit.ParallelTestSuit.MultipleValueswithDP@12c8a2c0]" name="search" duration-ms="2678" started-at="2021-04-02T09:37:09Z" data-provider="test-data" finished-at="2021-04-02T09:37:12Z">
          <params>
            <param index="0">
              <value>
                <![CDATA[Selenium]]>
              </value>
            </param>
            <param index="1">
              <value>
                <![CDATA[Delhi]]>
              </value>
            </param>
          </params>
          <reporter-output>
            <line>
              <![CDATA[Keyword entered is : Selenium Delhi]]>
            </line>
            <line>
              <![CDATA[Search results are displayed.]]>
            </line>
          </reporter-output>
        </test-method> <!-- search -->
        <test-method status="PASS" signature="burnDown()[pri:0, instance:ParallelTestSuit.ParallelTestSuit.MultipleValueswithDP@12c8a2c0]" name="burnDown" is-config="true" duration-ms="765" started-at="2021-04-02T09:37:12Z" finished-at="2021-04-02T09:37:12Z">
          <reporter-output>
          </reporter-output>
        </test-method> <!-- burnDown -->
        <test-method status="PASS" signature="setup()[pri:0, instance:ParallelTestSuit.ParallelTestSuit.MultipleValueswithDP@12c8a2c0]" name="setup" is-config="true" duration-ms="2684" started-at="2021-04-02T09:37:12Z" finished-at="2021-04-02T09:37:15Z">
          <reporter-output>
          </reporter-output>
        </test-method> <!-- setup -->
        <test-method status="PASS" signature="search(java.lang.String, java.lang.String)[pri:0, instance:ParallelTestSuit.ParallelTestSuit.MultipleValueswithDP@12c8a2c0]" name="search" duration-ms="2313" started-at="2021-04-02T09:37:15Z" data-provider="test-data" finished-at="2021-04-02T09:37:17Z">
          <params>
            <param index="0">
              <value>
                <![CDATA[QTP]]>
              </value>
            </param>
            <param index="1">
              <value>
                <![CDATA[Bangalore]]>
              </value>
            </param>
          </params>
          <reporter-output>
            <line>
              <![CDATA[Keyword entered is : QTP Bangalore]]>
            </line>
            <line>
              <![CDATA[Search results are displayed.]]>
            </line>
          </reporter-output>
        </test-method> <!-- search -->
        <test-method status="PASS" signature="burnDown()[pri:0, instance:ParallelTestSuit.ParallelTestSuit.MultipleValueswithDP@12c8a2c0]" name="burnDown" is-config="true" duration-ms="814" started-at="2021-04-02T09:37:17Z" finished-at="2021-04-02T09:37:18Z">
          <reporter-output>
          </reporter-output>
        </test-method> <!-- burnDown -->
        <test-method status="PASS" signature="setup()[pri:0, instance:ParallelTestSuit.ParallelTestSuit.MultipleValueswithDP@12c8a2c0]" name="setup" is-config="true" duration-ms="2754" started-at="2021-04-02T09:37:18Z" finished-at="2021-04-02T09:37:21Z">
          <reporter-output>
          </reporter-output>
        </test-method> <!-- setup -->
        <test-method status="PASS" signature="search(java.lang.String, java.lang.String)[pri:0, instance:ParallelTestSuit.ParallelTestSuit.MultipleValueswithDP@12c8a2c0]" name="search" duration-ms="1715" started-at="2021-04-02T09:37:21Z" data-provider="test-data" finished-at="2021-04-02T09:37:23Z">
          <params>
            <param index="0">
              <value>
                <![CDATA[LoadRunner]]>
              </value>
            </param>
            <param index="1">
              <value>
                <![CDATA[Chennai]]>
              </value>
            </param>
          </params>
          <reporter-output>
            <line>
              <![CDATA[Keyword entered is : LoadRunner Chennai]]>
            </line>
            <line>
              <![CDATA[Search results are displayed.]]>
            </line>
          </reporter-output>
        </test-method> <!-- search -->
        <test-method status="PASS" signature="burnDown()[pri:0, instance:ParallelTestSuit.ParallelTestSuit.MultipleValueswithDP@12c8a2c0]" name="burnDown" is-config="true" duration-ms="763" started-at="2021-04-02T09:37:23Z" finished-at="2021-04-02T09:37:23Z">
          <reporter-output>
          </reporter-output>
        </test-method> <!-- burnDown -->
      </class> <!-- ParallelTestSuit.ParallelTestSuit.MultipleValueswithDP -->
    </test> <!-- Default test -->
  </suite> <!-- Default suite -->
</testng-results>
