<?xml version="1.0" encoding="UTF-8"?>
<!-- Generated by org.testng.reporters.JUnitXMLReporter -->
<testsuite hostname="DESKTOP-6DR2GHM" ignored="3" name="Default test" tests="1" failures="0" timestamp="2020-11-12T12:41:02 IST" time="0.058" errors="0">
  <testcase name="sum2" time="0.012" classname="com.qa.test.DemoTest"/>
  <testcase name="sum" time="0.0" classname="com.qa.test.DemoTest">
    <ignored/>
  </testcase> <!-- sum -->
  <testcase name="sum3" time="0.0" classname="com.qa.test.DemoTest">
    <ignored/>
  </testcase> <!-- sum3 -->
  <testcase name="sum1" time="0.0" classname="com.qa.test.DemoTest">
    <ignored/>
  </testcase> <!-- sum1 -->
</testsuite> <!-- Default test -->
