<?xml version="1.0" encoding="UTF-8"?>
<testng-results skipped="0" failed="0" ignored="0" total="1" passed="1">
  <reporter-output>
  </reporter-output>
  <suite name="Default suite" duration-ms="9955" started-at="2021-03-03T14:06:17Z" finished-at="2021-03-03T14:06:27Z">
    <groups>
    </groups>
    <test name="Default test" duration-ms="9955" started-at="2021-03-03T14:06:17Z" finished-at="2021-03-03T14:06:27Z">
      <class name="verifyValidlogin">
        <test-method status="PASS" signature="checkValiduser()[pri:0, instance:verifyValidlogin@6b9651f3]" name="checkValiduser" duration-ms="9919" started-at="2021-03-03T14:06:17Z" finished-at="2021-03-03T14:06:27Z">
          <reporter-output>
          </reporter-output>
        </test-method> <!-- checkValiduser -->
      </class> <!-- verifyValidlogin -->
    </test> <!-- Default test -->
  </suite> <!-- Default suite -->
</testng-results>
