<?xml version="1.0" encoding="UTF-8"?>
<testng-results skipped="0" failed="0" ignored="0" total="1" passed="1">
  <reporter-output>
  </reporter-output>
  <suite name="Default suite" duration-ms="8491" started-at="2021-03-04T06:41:57Z" finished-at="2021-03-04T06:42:06Z">
    <groups>
    </groups>
    <test name="Default test" duration-ms="8491" started-at="2021-03-04T06:41:57Z" finished-at="2021-03-04T06:42:06Z">
      <class name="registrationTest">
        <test-method status="PASS" signature="verifyRegistrationpage()[pri:0, instance:registrationTest@7ce6a65d]" name="verifyRegistrationpage" duration-ms="8422" started-at="2021-03-04T06:41:57Z" finished-at="2021-03-04T06:42:06Z">
          <reporter-output>
          </reporter-output>
        </test-method> <!-- verifyRegistrationpage -->
      </class> <!-- registrationTest -->
    </test> <!-- Default test -->
  </suite> <!-- Default suite -->
</testng-results>
