<?xml version="1.0" encoding="UTF-8"?>
<!-- Generated by org.testng.reporters.JUnitXMLReporter -->
<testsuite hostname="DESKTOP-6DR2GHM" ignored="0" name="firefoxTestSuit" tests="1" failures="1" timestamp="2021-02-15T13:56:53 IST" time="0.102" errors="0">
  <testcase name="verifypagetitle" time="0.018" classname="crossBrowsertesting.verifyTitle">
    <failure type="java.lang.NullPointerException">
      <![CDATA[java.lang.NullPointerException
at crossBrowsertesting.verifyTitle.verifypagetitle(verifyTitle.java:34)
at java.util.ArrayList.forEach(ArrayList.java:1259)
at java.util.concurrent.FutureTask.run(FutureTask.java:266)
at java.util.concurrent.ThreadPoolExecutor.runWorker(ThreadPoolExecutor.java:1149)
at java.util.concurrent.ThreadPoolExecutor$Worker.run(ThreadPoolExecutor.java:624)
at java.lang.Thread.run(Thread.java:748)
... Removed 18 stack frames]]>
    </failure>
  </testcase> <!-- verifypagetitle -->
</testsuite> <!-- firefoxTestSuit -->
