<?xml version="1.0" encoding="UTF-8"?>
<testng-results skipped="0" failed="0" ignored="0" total="1" passed="1">
  <reporter-output>
  </reporter-output>
  <suite name="Default suite" duration-ms="42" started-at="2021-01-19T20:43:01 IST" finished-at="2021-01-19T20:43:01 IST">
    <groups>
    </groups>
    <test name="Default test" duration-ms="42" started-at="2021-01-19T20:43:01 IST" finished-at="2021-01-19T20:43:01 IST">
      <class name="com.test.demo.TestDemo_NoSelenium">
        <test-method status="PASS" signature="setup()[pri:0, instance:com.test.demo.TestDemo_NoSelenium@887af79]" name="setup" is-config="true" duration-ms="10" started-at="2021-01-19T20:43:01 IST" finished-at="2021-01-19T20:43:01 IST">
          <reporter-output>
          </reporter-output>
        </test-method> <!-- setup -->
        <test-method status="PASS" signature="login()[pri:0, instance:com.test.demo.TestDemo_NoSelenium@887af79]" name="login" is-config="true" duration-ms="1" started-at="2021-01-19T20:43:01 IST" finished-at="2021-01-19T20:43:01 IST">
          <reporter-output>
          </reporter-output>
        </test-method> <!-- login -->
        <test-method status="PASS" signature="launcebrowser()[pri:0, instance:com.test.demo.TestDemo_NoSelenium@887af79]" name="launcebrowser" is-config="true" duration-ms="1" started-at="2021-01-19T20:43:01 IST" finished-at="2021-01-19T20:43:01 IST">
          <reporter-output>
          </reporter-output>
        </test-method> <!-- launcebrowser -->
        <test-method status="PASS" signature="enterURL()[pri:0, instance:com.test.demo.TestDemo_NoSelenium@887af79]" name="enterURL" is-config="true" duration-ms="0" started-at="2021-01-19T20:43:01 IST" finished-at="2021-01-19T20:43:01 IST">
          <reporter-output>
          </reporter-output>
        </test-method> <!-- enterURL -->
        <test-method status="PASS" signature="googletitle()[pri:0, instance:com.test.demo.TestDemo_NoSelenium@887af79]" name="googletitle" duration-ms="6" started-at="2021-01-19T20:43:01 IST" finished-at="2021-01-19T20:43:01 IST">
          <reporter-output>
          </reporter-output>
        </test-method> <!-- googletitle -->
        <test-method status="PASS" signature="logout()[pri:0, instance:com.test.demo.TestDemo_NoSelenium@887af79]" name="logout" is-config="true" duration-ms="1" started-at="2021-01-19T20:43:01 IST" finished-at="2021-01-19T20:43:01 IST">
          <reporter-output>
          </reporter-output>
        </test-method> <!-- logout -->
        <test-method status="PASS" signature="closebrowser()[pri:0, instance:com.test.demo.TestDemo_NoSelenium@887af79]" name="closebrowser" is-config="true" duration-ms="0" started-at="2021-01-19T20:43:01 IST" finished-at="2021-01-19T20:43:01 IST">
          <reporter-output>
          </reporter-output>
        </test-method> <!-- closebrowser -->
        <test-method status="PASS" signature="deleteAllcookies()[pri:0, instance:com.test.demo.TestDemo_NoSelenium@887af79]" name="deleteAllcookies" is-config="true" duration-ms="0" started-at="2021-01-19T20:43:01 IST" finished-at="2021-01-19T20:43:01 IST">
          <reporter-output>
          </reporter-output>
        </test-method> <!-- deleteAllcookies -->
        <test-method status="PASS" signature="teardown()[pri:0, instance:com.test.demo.TestDemo_NoSelenium@887af79]" name="teardown" is-config="true" duration-ms="1" started-at="2021-01-19T20:43:01 IST" finished-at="2021-01-19T20:43:01 IST">
          <reporter-output>
          </reporter-output>
        </test-method> <!-- teardown -->
      </class> <!-- com.test.demo.TestDemo_NoSelenium -->
    </test> <!-- Default test -->
  </suite> <!-- Default suite -->
</testng-results>
